<?xml version="1.0" encoding="UTF-8"?>
<!-- Generated by org.testng.reporters.JUnitReportReporter -->
<testsuite hostname="SVRODK00095" name="test.SearchDropTest" tests="1" failures="0" timestamp="23 Jul 2018 13:55:19 GMT" time="6.257" errors="0">
  <testcase name="testNet" time="6.257" classname="test.SearchDropTest"/>
</testsuite> <!-- test.SearchDropTest -->
