<?xml version="1.0" encoding="UTF-8"?>
<!-- Generated by org.testng.reporters.JUnitReportReporter -->
<testsuite hostname="SVRODK00095" name="firstNGtest.LogIn" tests="1" failures="0" timestamp="20 Jul 2018 08:00:32 GMT" time="23.182" errors="0">
  <testcase name="login" time="23.182" classname="firstNGtest.LogIn"/>
</testsuite> <!-- firstNGtest.LogIn -->
