<?xml version="1.0" encoding="UTF-8"?>
<!-- Generated by org.testng.reporters.JUnitReportReporter -->
<testsuite hostname="SVRODK00095" name="test.SearchElementTest" tests="1" failures="0" timestamp="23 Jul 2018 12:02:09 GMT" time="6.717" errors="0">
  <testcase name="testNet" time="6.717" classname="test.SearchElementTest"/>
</testsuite> <!-- test.SearchElementTest -->
