<?xml version="1.0" encoding="UTF-8"?>
<!-- Generated by org.testng.reporters.JUnitReportReporter -->
<testsuite hostname="SVRODK00095" name="firstNGtest.TestPage" tests="2" failures="0" timestamp="20 Jul 2018 07:49:14 GMT" time="1.705" errors="0">
  <testcase name="testNet" time="0.669" classname="firstNGtest.TestPage"/>
  <testcase name="testNet" time="1.036" classname="firstNGtest.TestPage"/>
</testsuite> <!-- firstNGtest.TestPage -->
