<?xml version="1.0" encoding="UTF-8"?>
<!-- Generated by org.testng.reporters.JUnitReportReporter -->
<testsuite hostname="SVRODK00095" name="firstNGtest.CenterColumn" tests="1" failures="0" timestamp="19 Jul 2018 12:15:52 GMT" time="0.964" errors="0">
  <testcase name="testNet3" time="0.964" classname="firstNGtest.CenterColumn"/>
</testsuite> <!-- firstNGtest.CenterColumn -->
