<?xml version="1.0" encoding="UTF-8"?>
<!-- Generated by org.testng.reporters.JUnitReportReporter -->
<testsuite hostname="SVRODK00095" name="firstNGtest.SubmitButton" tests="1" failures="0" timestamp="19 Jul 2018 12:12:39 GMT" time="1.699" errors="0">
  <testcase name="testNet2" time="1.699" classname="firstNGtest.SubmitButton"/>
</testsuite> <!-- firstNGtest.SubmitButton -->
