<?xml version="1.0" encoding="UTF-8"?>
<!-- Generated by org.testng.reporters.JUnitReportReporter -->
<testsuite hostname="SVRODK00095" name="test.api.BasicAuthenticationTest" tests="1" failures="0" timestamp="27 Jul 2018 11:28:37 GMT" time="0.469" errors="0">
  <testcase name="noAuthentication" time="0.469" classname="test.api.BasicAuthenticationTest"/>
</testsuite> <!-- test.api.BasicAuthenticationTest -->
