<?xml version="1.0" encoding="UTF-8"?>
<!-- Generated by org.testng.reporters.JUnitReportReporter -->
<testsuite hostname="SVRODK00095" name="test.sv.ContactCompleteFieldsTest" tests="1" failures="0" timestamp="25 Jul 2018 09:20:14 GMT" time="10.182" errors="0">
  <testcase name="tesContactSV" time="10.182" classname="test.sv.ContactCompleteFieldsTest"/>
</testsuite> <!-- test.sv.ContactCompleteFieldsTest -->
