<?xml version="1.0" encoding="UTF-8"?>
<!-- Generated by org.testng.reporters.JUnitReportReporter -->
<testsuite hostname="SVRODK00095" name="test.LogInTest" tests="1" failures="0" timestamp="23 Jul 2018 14:20:06 GMT" time="7.802" errors="0">
  <testcase name="login" time="7.802" classname="test.LogInTest"/>
</testsuite> <!-- test.LogInTest -->
