<?xml version="1.0" encoding="UTF-8"?>
<!-- Generated by org.testng.reporters.JUnitReportReporter -->
<testsuite hostname="SVRODK00095" name="test.api.GetUsersTest" tests="1" failures="0" timestamp="27 Jul 2018 11:28:38 GMT" time="0.343" errors="0">
  <testcase name="GetUsers" time="0.343" classname="test.api.GetUsersTest"/>
</testsuite> <!-- test.api.GetUsersTest -->
