<?xml version="1.0" encoding="UTF-8"?>
<!-- Generated by org.testng.reporters.JUnitReportReporter -->
<testsuite hostname="SVRODK00095" name="test.Tabs3Test" tests="1" failures="0" timestamp="2 Aug 2018 13:40:33 GMT" time="5.527" errors="0">
  <testcase name="tabs" time="5.527" classname="test.Tabs3Test"/>
</testsuite> <!-- test.Tabs3Test -->
