<?xml version="1.0" encoding="UTF-8"?>
<!-- Generated by org.testng.reporters.JUnitReportReporter -->
<testsuite hostname="SVRODK00095" name="test.api.GetUsersTestNG" tests="4" failures="0" timestamp="27 Jul 2018 11:28:38 GMT" time="7.773" errors="0">
  <testcase name="getUsersRestAssured" time="0.531" classname="test.api.GetUsersTestNG"/>
  <testcase name="GetTotal" time="6.424" classname="test.api.GetUsersTestNG"/>
  <testcase name="get" time="0.411" classname="test.api.GetUsersTestNG"/>
  <testcase name="PostNew" time="0.407" classname="test.api.GetUsersTestNG"/>
</testsuite> <!-- test.api.GetUsersTestNG -->
