<?xml version="1.0" encoding="UTF-8"?>
<!-- Generated by org.testng.reporters.JUnitReportReporter -->
<testsuite hostname="SVRODK00095" name="test.HomePageTest" tests="1" failures="0" timestamp="23 Jul 2018 08:21:38 GMT" time="7.583" errors="0">
  <testcase name="testNet" time="7.583" classname="test.HomePageTest"/>
</testsuite> <!-- test.HomePageTest -->
