<?xml version="1.0" encoding="UTF-8"?>
<!-- Generated by org.testng.reporters.JUnitReportReporter -->
<testsuite hostname="SVRODK00095" name="firstNGtest.ViewProdusDetails" tests="1" failures="0" timestamp="20 Jul 2018 08:05:31 GMT" time="32.946" errors="0">
  <testcase name="ProdusDetails" time="32.946" classname="firstNGtest.ViewProdusDetails"/>
</testsuite> <!-- firstNGtest.ViewProdusDetails -->
