<?xml version="1.0" encoding="UTF-8"?>
<!-- Generated by org.testng.reporters.JUnitReportReporter -->
<testsuite hostname="SVRODK00095" name="test.sv.SearchTest" tests="1" failures="0" timestamp="25 Jul 2018 10:26:07 GMT" time="7.400" errors="0">
  <testcase name="tesContactSV" time="7.400" classname="test.sv.SearchTest"/>
</testsuite> <!-- test.sv.SearchTest -->
