<?xml version="1.0" encoding="UTF-8"?>
<!-- Generated by org.testng.reporters.JUnitReportReporter -->
<testsuite hostname="SVRODK00095" name="firstNGtest.TestSession4" tests="5" failures="0" timestamp="19 Jul 2018 12:01:50 GMT" time="6.797" errors="0">
  <testcase name="testNet2" time="0.027" classname="firstNGtest.TestSession4"/>
  <testcase name="testNet3" time="0.026" classname="firstNGtest.TestSession4"/>
  <testcase name="testNet" time="2.151" classname="firstNGtest.TestSession4"/>
  <testcase name="testNet4" time="3.132" classname="firstNGtest.TestSession4"/>
  <testcase name="testNet" time="1.461" classname="firstNGtest.TestSession4"/>
</testsuite> <!-- firstNGtest.TestSession4 -->
