<?xml version="1.0" encoding="UTF-8"?>
<!-- Generated by org.testng.reporters.JUnitReportReporter -->
<testsuite hostname="SVRODK00095" name="test.sv.AboutUsTest" tests="1" failures="0" timestamp="25 Jul 2018 13:46:17 GMT" time="9.674" errors="0">
  <testcase name="tesTwitterLink" time="9.674" classname="test.sv.AboutUsTest"/>
</testsuite> <!-- test.sv.AboutUsTest -->
