<?xml version="1.0" encoding="UTF-8"?>
<!-- Generated by org.testng.reporters.JUnitReportReporter -->
<testsuite hostname="SVRODK00095" name="test.HomeTest" tests="1" failures="0" timestamp="2 Aug 2018 12:56:59 GMT" time="4.216" errors="0">
  <testcase name="home" time="4.216" classname="test.HomeTest"/>
</testsuite> <!-- test.HomeTest -->
