<?xml version="1.0" encoding="UTF-8"?>
<!-- Generated by org.testng.reporters.JUnitReportReporter -->
<testsuite hostname="SVRODK00095" name="test.automationPractice.HomePageTest" tests="1" failures="0" timestamp="25 Jul 2018 07:19:20 GMT" time="7.731" errors="0">
  <testcase name="testNet" time="7.731" classname="test.automationPractice.HomePageTest"/>
</testsuite> <!-- test.automationPractice.HomePageTest -->
