<?xml version="1.0" encoding="UTF-8"?>
<!-- Generated by org.testng.reporters.JUnitReportReporter -->
<testsuite hostname="SVRODK00095" name="test.api.CreateUserTest" tests="11" failures="0" timestamp="27 Jul 2018 11:28:37 GMT" time="3.940" errors="0">
  <testcase name="runTests" time="0.328" classname="test.api.CreateUserTest"/>
  <testcase name="runTests" time="0.346" classname="test.api.CreateUserTest"/>
  <testcase name="runTests" time="0.329" classname="test.api.CreateUserTest"/>
  <testcase name="runTests" time="0.515" classname="test.api.CreateUserTest"/>
  <testcase name="runTests" time="0.359" classname="test.api.CreateUserTest"/>
  <testcase name="runTests" time="0.343" classname="test.api.CreateUserTest"/>
  <testcase name="runTests" time="0.344" classname="test.api.CreateUserTest"/>
  <testcase name="runTests" time="0.343" classname="test.api.CreateUserTest"/>
  <testcase name="runTests" time="0.360" classname="test.api.CreateUserTest"/>
  <testcase name="runTests" time="0.329" classname="test.api.CreateUserTest"/>
  <testcase name="runTests" time="0.344" classname="test.api.CreateUserTest"/>
</testsuite> <!-- test.api.CreateUserTest -->
