<?xml version="1.0" encoding="UTF-8"?>
<!-- Generated by org.testng.reporters.JUnitReportReporter -->
<testsuite hostname="SVRODK00095" name="test.api.GetUsersTestNG" tests="4" failures="0" timestamp="27 Jul 2018 11:32:03 GMT" time="5.897" errors="0">
  <testcase name="GetTotal" time="4.861" classname="test.api.GetUsersTestNG"/>
  <testcase name="PostNew" time="0.312" classname="test.api.GetUsersTestNG"/>
  <testcase name="get" time="0.359" classname="test.api.GetUsersTestNG"/>
  <testcase name="getUsersRestAssured" time="0.365" classname="test.api.GetUsersTestNG"/>
</testsuite> <!-- test.api.GetUsersTestNG -->
