<?xml version="1.0" encoding="UTF-8"?>
<!-- Generated by org.testng.reporters.JUnitReportReporter -->
<testsuite hostname="SVRODK00095" name="test.api.CreateUserTest" tests="11" failures="0" timestamp="27 Jul 2018 11:32:03 GMT" time="5.737" errors="0">
  <testcase name="runTests" time="0.547" classname="test.api.CreateUserTest"/>
  <testcase name="runTests" time="0.359" classname="test.api.CreateUserTest"/>
  <testcase name="runTests" time="0.344" classname="test.api.CreateUserTest"/>
  <testcase name="runTests" time="0.328" classname="test.api.CreateUserTest"/>
  <testcase name="runTests" time="1.955" classname="test.api.CreateUserTest"/>
  <testcase name="runTests" time="0.423" classname="test.api.CreateUserTest"/>
  <testcase name="runTests" time="0.359" classname="test.api.CreateUserTest"/>
  <testcase name="runTests" time="0.329" classname="test.api.CreateUserTest"/>
  <testcase name="runTests" time="0.360" classname="test.api.CreateUserTest"/>
  <testcase name="runTests" time="0.359" classname="test.api.CreateUserTest"/>
  <testcase name="runTests" time="0.374" classname="test.api.CreateUserTest"/>
</testsuite> <!-- test.api.CreateUserTest -->
