<?xml version="1.0" encoding="UTF-8"?>
<!-- Generated by org.testng.reporters.JUnitReportReporter -->
<testsuite hostname="SVRODK00095" name="test.api.SuccesfullAuthenticationTest" tests="1" failures="0" timestamp="27 Jul 2018 11:32:03 GMT" time="1.698" errors="0">
  <testcase name="succesAuthentication" time="1.698" classname="test.api.SuccesfullAuthenticationTest"/>
</testsuite> <!-- test.api.SuccesfullAuthenticationTest -->
